<?xml version="1.0" encoding="UTF-8"?>
<!-- Generated by org.testng.reporters.JUnitXMLReporter -->
<testsuite hostname="DTW7BANGAT24" ignored="0" name="grouping" tests="4" failures="0" timestamp="20 Feb 2018 13:49:03 GMT" time="0.07" errors="0">
  <testcase name="loginTest" time="0.039" classname="testing.TestCase2"/>
  <testcase name="sendingmail" time="0.003" classname="testing.TestCase1"/>
  <testcase name="save_in_Draft" time="0.003" classname="testing.TestCase1"/>
  <testcase name="lagout" time="0.002" classname="testing.TestCase2"/>
</testsuite> <!-- grouping -->
