<?xml version="1.0" encoding="UTF-8"?>
<testng-results skipped="0" failed="0" ignored="0" total="1" passed="1">
  <reporter-output>
    <line>
      <![CDATA[ERROR]]>
    </line>
  </reporter-output>
  <suite name="Suite" duration-ms="48728" started-at="2018-02-28T06:23:20Z" finished-at="2018-02-28T06:24:09Z">
    <groups>
    </groups>
    <test name="Test" duration-ms="48728" started-at="2018-02-28T06:23:20Z" finished-at="2018-02-28T06:24:09Z">
      <class name="com.VIPS.test.orderreleasing">
        <test-method status="PASS" signature="initDriver()[pri:0, instance:com.VIPS.test.orderreleasing@ae45eb6]" name="initDriver" is-config="true" duration-ms="7" started-at="2018-02-28T06:23:20Z" finished-at="2018-02-28T06:23:20Z">
          <reporter-output>
          </reporter-output>
        </test-method> <!-- initDriver -->
        <test-method status="PASS" signature="openApplication()[pri:0, instance:com.VIPS.test.orderreleasing@ae45eb6]" name="openApplication" is-config="true" duration-ms="13473" started-at="2018-02-28T06:23:20Z" finished-at="2018-02-28T06:23:33Z">
          <reporter-output>
          </reporter-output>
        </test-method> <!-- openApplication -->
        <test-method status="PASS" signature="order_page()[pri:0, instance:com.VIPS.test.orderreleasing@ae45eb6]" name="order_page" duration-ms="35241" started-at="2018-02-28T06:23:33Z" finished-at="2018-02-28T06:24:09Z">
          <reporter-output>
            <line>
              <![CDATA[ERROR]]>
            </line>
          </reporter-output>
        </test-method> <!-- order_page -->
      </class> <!-- com.VIPS.test.orderreleasing -->
    </test> <!-- Test -->
  </suite> <!-- Suite -->
</testng-results>
